com.oppo.usercenter
com.oppo.ota
com.oppoex.afterservice
com.oppo.operationManual
com.oppo.partnerbrowsercustomizations
com.oppo.logkitsdservice
com.oppo.oppologkit
com.oppo.bttestmode
com.oppo.engineermode
com.oppo.rftoolkit
com.oppo.wifirf
com.oppo.music
com.coloros.avastofferwall
com.coloros.activation
com.coloros.sau
com.coloros.phonenoareainquire
com.coloros.childrenspace
com.coloros.gamespace
com.coloros.gamespacesdk
com.coloros.gallery3d
com.coloros.video
com.coloros.weather.service
com.coloros.widget.smallweather
com.coloros.soundrecorder
com.coloros.filemanager
com.coloros.photoeffects
com.coloros.pictorial
com.nearme.statistics.rom
com.nearme.atlas
com.nearme.ocloud
com.nearme.romupdate
com.facebook.system
com.facebook.appmanager
com.facebook.services
com.cleanmaster.sdk
com.baidu.map.location
com.supercell.clashofclans.overlay
com.android.printspooler
com.android.dlna.service
com.android.stk
com.dsi.ant.server
com.google.android.googlequicksearchbox
com.google.android.apps.maps
com.google.android.calendar
com.google.android.gm
com.google.android.keep
com.google.android.youtube
com.google.android.apps.tachyon
com.google.android.feedback
com.coloros.weather
com.coloros.compass
com.emoji.keyboard.touchpal
com.nuance.swype.oppo
com.cootek.smartinputv5.language.indonesian
com.cootek.smartinputv5.language.vietnam
com.cootek.smartinputv5.language.malayan
com.cootek.smartinputv5.language.chs
com.cootek.smartinputv5.language.cht
com.cootek.smartinputv5.language.russian
com.cootek.smartinputv5.language.thai
com.cootek.smartinputv5.language.urdu
com.cootek.smartinputv5.language.hindi
com.cootek.smartinputv5.language.khmer
com.cootek.smartinputv5.language.tamil
com.cootek.smartinputv5.language.sinhala
com.cootek.smartinputv5.language.spanish
com.cootek.smartinputv5.language.swahili
com.cootek.smartinputv5.language.nepalitrad
com.cootek.smartinputv5.language.tagalog
com.cootek.smartinputv5.language.arabic
com.cootek.smartinputv5.language.turkish
com.cootek.smartinputv5.language.french
com.cootek.smartinputv5.language.kazakh
com.cootek.smartinputv5.language.persian
com.cootek.smartinputv5.language.telugu
com.cootek.smartinputv5.skin.defaultwhite
com.cootek.smartinputv5.language.zawgyi
com.cootek.smartinputv5.language.bengali
com.cootek.smartinputv5.language.englishgb
com.cootek.smartinputv5.language.laotian
com.cootek.smartinputv5.language.burmese
com.google.android.webview
com.google.android.videos
com.google.android.backuptransport
com.android.chrome
com.android.vending
com.google.android.apps.docs
com.google.android.apps.photos
com.google.android.configupdater
com.google.android.gms
com.google.android.gsf
com.google.android.gsf.login
com.google.android.marvin.talkback
com.google.android.music
com.google.android.onetimeinitializer
com.google.android.partnersetup
com.google.android.printservice.recommendation
com.google.android.setupwizard
com.google.android.syncadapters.contacts
com.google.android.tag
com.google.android.tts
com.caf.fmradio
com.android.calculator2
com.coloros.backuprestore
com.coloros.backuprestore.remoteservice
com.coloros.appmanager
com.coloros.alarmclock
com.android.calculator2
